2023-02-28 09:26:48.441  INFO 80184 --- [restartedMain] c.ssafy.cookscape.CookscapeApplication   : Starting CookscapeApplication using Java 11.0.16.1 on 172.20.nate.com with PID 80184 (/Users/sangtan/hyuk/SSAFY_Second_PJT/S08P21B109/Backend/Cookscape/build/classes/java/main started by sangtan in /Users/sangtan/hyuk/SSAFY_Second_PJT/S08P21B109/Backend/Cookscape)
2023-02-28 09:26:48.444  INFO 80184 --- [restartedMain] c.ssafy.cookscape.CookscapeApplication   : No active profile set, falling back to 1 default profile: "default"
2023-02-28 09:26:48.512  INFO 80184 --- [restartedMain] .e.DevToolsPropertyDefaultsPostProcessor : Devtools property defaults active! Set 'spring.devtools.add-properties' to 'false' to disable
2023-02-28 09:26:48.512  INFO 80184 --- [restartedMain] .e.DevToolsPropertyDefaultsPostProcessor : For additional web related logging consider setting the 'logging.level.web' property to 'DEBUG'
2023-02-28 09:26:49.967  INFO 80184 --- [restartedMain] o.s.b.w.embedded.tomcat.TomcatWebServer  : Tomcat initialized with port(s): 9999 (http)
2023-02-28 09:26:50.027  INFO 80184 --- [restartedMain] w.s.c.ServletWebServerApplicationContext : Root WebApplicationContext: initialization completed in 1514 ms
2023-02-28 09:26:50.530  INFO 80184 --- [restartedMain] o.s.b.d.a.OptionalLiveReloadServer       : LiveReload server is running on port 35729
2023-02-28 09:26:50.572  INFO 80184 --- [restartedMain] o.s.b.w.embedded.tomcat.TomcatWebServer  : Tomcat started on port(s): 9999 (http) with context path '/api'
2023-02-28 09:26:50.607  INFO 80184 --- [restartedMain] c.ssafy.cookscape.CookscapeApplication   : Started CookscapeApplication in 2.939 seconds (JVM running for 4.274)
2023-02-28 09:26:56.743  INFO 80197 --- [restartedMain] c.ssafy.cookscape.CookscapeApplication   : Starting CookscapeApplication using Java 11.0.16.1 on 172.20.nate.com with PID 80197 (/Users/sangtan/hyuk/SSAFY_Second_PJT/S08P21B109/Backend/Cookscape/build/classes/java/main started by sangtan in /Users/sangtan/hyuk/SSAFY_Second_PJT/S08P21B109/Backend/Cookscape)
2023-02-28 09:26:56.745  INFO 80197 --- [restartedMain] c.ssafy.cookscape.CookscapeApplication   : The following 1 profile is active: "dev"
2023-02-28 09:26:56.808  INFO 80197 --- [restartedMain] .e.DevToolsPropertyDefaultsPostProcessor : Devtools property defaults active! Set 'spring.devtools.add-properties' to 'false' to disable
2023-02-28 09:26:56.810  INFO 80197 --- [restartedMain] .e.DevToolsPropertyDefaultsPostProcessor : For additional web related logging consider setting the 'logging.level.web' property to 'DEBUG'
2023-02-28 09:26:57.961  INFO 80197 --- [restartedMain] o.s.b.w.embedded.tomcat.TomcatWebServer  : Tomcat initialized with port(s): 9999 (http)
2023-02-28 09:26:57.971  INFO 80197 --- [restartedMain] o.apache.catalina.core.StandardService   : Starting service [Tomcat]
2023-02-28 09:26:57.971  INFO 80197 --- [restartedMain] org.apache.catalina.core.StandardEngine  : Starting Servlet engine: [Apache Tomcat/9.0.71]
2023-02-28 09:26:58.017  INFO 80197 --- [restartedMain] o.a.c.c.C.[Tomcat].[localhost].[/api]    : Initializing Spring embedded WebApplicationContext
2023-02-28 09:26:58.017  INFO 80197 --- [restartedMain] w.s.c.ServletWebServerApplicationContext : Root WebApplicationContext: initialization completed in 1207 ms
2023-02-28 09:26:58.559  INFO 80197 --- [restartedMain] o.s.b.d.a.OptionalLiveReloadServer       : LiveReload server is running on port 35729
2023-02-28 09:26:58.602  INFO 80197 --- [restartedMain] o.s.b.w.embedded.tomcat.TomcatWebServer  : Tomcat started on port(s): 9999 (http) with context path '/api'
2023-02-28 09:26:58.624  INFO 80197 --- [restartedMain] c.ssafy.cookscape.CookscapeApplication   : Started CookscapeApplication in 2.572 seconds (JVM running for 3.771)
2023-02-28 09:27:53.769  INFO 80239 --- [restartedMain] c.ssafy.cookscape.CookscapeApplication   : Starting CookscapeApplication using Java 11.0.16.1 on 172.20.nate.com with PID 80239 (/Users/sangtan/hyuk/SSAFY_Second_PJT/S08P21B109/Backend/Cookscape/build/classes/java/main started by sangtan in /Users/sangtan/hyuk/SSAFY_Second_PJT/S08P21B109/Backend/Cookscape)
2023-02-28 09:27:53.771  INFO 80239 --- [restartedMain] c.ssafy.cookscape.CookscapeApplication   : The following 1 profile is active: "dev"
2023-02-28 09:27:53.847  INFO 80239 --- [restartedMain] .e.DevToolsPropertyDefaultsPostProcessor : Devtools property defaults active! Set 'spring.devtools.add-properties' to 'false' to disable
2023-02-28 09:27:53.848  INFO 80239 --- [restartedMain] .e.DevToolsPropertyDefaultsPostProcessor : For additional web related logging consider setting the 'logging.level.web' property to 'DEBUG'
2023-02-28 09:27:55.835  INFO 80239 --- [restartedMain] o.s.b.w.embedded.tomcat.TomcatWebServer  : Tomcat initialized with port(s): 9999 (http)
2023-02-28 09:27:55.845  INFO 80239 --- [restartedMain] o.apache.catalina.core.StandardService   : Starting service [Tomcat]
2023-02-28 09:27:55.846  INFO 80239 --- [restartedMain] org.apache.catalina.core.StandardEngine  : Starting Servlet engine: [Apache Tomcat/9.0.71]
2023-02-28 09:27:55.899  INFO 80239 --- [restartedMain] o.a.c.c.C.[Tomcat].[localhost].[/api]    : Initializing Spring embedded WebApplicationContext
2023-02-28 09:27:55.900  INFO 80239 --- [restartedMain] w.s.c.ServletWebServerApplicationContext : Root WebApplicationContext: initialization completed in 2051 ms
2023-02-28 09:27:56.860  INFO 80239 --- [restartedMain] o.s.b.d.a.OptionalLiveReloadServer       : LiveReload server is running on port 35729
2023-02-28 09:27:56.942  INFO 80239 --- [restartedMain] o.s.b.w.embedded.tomcat.TomcatWebServer  : Tomcat started on port(s): 9999 (http) with context path '/api'
2023-02-28 09:27:56.982  INFO 80239 --- [restartedMain] c.ssafy.cookscape.CookscapeApplication   : Started CookscapeApplication in 4.908 seconds (JVM running for 7.284)
