Using pre-set license
Built from '2021.3/staging' branch; Version is '2021.3.19f1 (c9714fde33b6) revision 13201743'; Using compiler version '192829333'; Build Type 'Release'
OS: 'Windows 10  (10.0.19045) 64bit Enterprise' Language: 'ko' Physical Memory: 16315 MB
BatchMode: 1, IsHumanControllingUs: 0, StartBugReporterOnCrash: 0, Is64bit: 1, IsPro: 1

COMMAND LINE ARGUMENTS:
C:\Program Files\Unity\Hub\Editor\2021.3.19f1\Editor\Unity.exe
-adb2
-batchMode
-noUpm
-name
AssetImportWorker2
-projectPath
C:/Users/SSAFY/MetaverseProject/S08P21B109/UnityProject/Cookscape
-logFile
Logs/AssetImportWorker2.log
-srvPort
6059
Successfully changed project path to: C:/Users/SSAFY/MetaverseProject/S08P21B109/UnityProject/Cookscape
C:/Users/SSAFY/MetaverseProject/S08P21B109/UnityProject/Cookscape
[UnityMemory] Configuration Parameters - Can be set up in boot.config
    "memorysetup-bucket-allocator-granularity=16"
    "memorysetup-bucket-allocator-bucket-count=8"
    "memorysetup-bucket-allocator-block-size=33554432"
    "memorysetup-bucket-allocator-block-count=8"
    "memorysetup-main-allocator-block-size=16777216"
    "memorysetup-thread-allocator-block-size=16777216"
    "memorysetup-gfx-main-allocator-block-size=16777216"
    "memorysetup-gfx-thread-allocator-block-size=16777216"
    "memorysetup-cache-allocator-block-size=4194304"
    "memorysetup-typetree-allocator-block-size=2097152"
    "memorysetup-profiler-bucket-allocator-granularity=16"
    "memorysetup-profiler-bucket-allocator-bucket-count=8"
    "memorysetup-profiler-bucket-allocator-block-size=33554432"
    "memorysetup-profiler-bucket-allocator-block-count=8"
    "memorysetup-profiler-allocator-block-size=16777216"
    "memorysetup-profiler-editor-allocator-block-size=1048576"
    "memorysetup-temp-allocator-size-main=16777216"
    "memorysetup-job-temp-allocator-block-size=2097152"
    "memorysetup-job-temp-allocator-block-size-background=1048576"
    "memorysetup-job-temp-allocator-reduction-small-platforms=262144"
    "memorysetup-temp-allocator-size-background-worker=32768"
    "memorysetup-temp-allocator-size-job-worker=262144"
    "memorysetup-temp-allocator-size-preload-manager=33554432"
    "memorysetup-temp-allocator-size-nav-mesh-worker=65536"
    "memorysetup-temp-allocator-size-audio-worker=65536"
    "memorysetup-temp-allocator-size-cloud-worker=32768"
    "memorysetup-temp-allocator-size-gi-baking-worker=262144"
    "memorysetup-temp-allocator-size-gfx=262144"
Player connection [36844] Host "[IP] 172.20.64.1 [Port] 0 [Flags] 2 [Guid] 3326703042 [EditorId] 3326703042 [Version] 1048832 [Id] WindowsEditor(7,DESKTOP-DOGVPUB) [Debug] 1 [PackageName] WindowsEditor [ProjectName] Editor" joined multi-casting on [225.0.0.222:54997]...

Player connection [36844] Host "[IP] 172.20.64.1 [Port] 0 [Flags] 2 [Guid] 3326703042 [EditorId] 3326703042 [Version] 1048832 [Id] WindowsEditor(7,DESKTOP-DOGVPUB) [Debug] 1 [PackageName] WindowsEditor [ProjectName] Editor" joined alternative multi-casting on [225.0.0.222:34997]...

Refreshing native plugins compatible for Editor in 162.33 ms, found 3 plugins.
Preloading 0 native plugins for Editor in 0.00 ms.
Initialize engine version: 2021.3.19f1 (c9714fde33b6)
[Subsystems] Discovering subsystems at path C:/Program Files/Unity/Hub/Editor/2021.3.19f1/Editor/Data/Resources/UnitySubsystems
[Subsystems] Discovering subsystems at path C:/Users/SSAFY/MetaverseProject/S08P21B109/UnityProject/Cookscape/Assets
GfxDevice: creating device client; threaded=0; jobified=0
Direct3D:
    Version:  Direct3D 11.0 [level 11.1]
    Renderer: NVIDIA GeForce RTX 2060 (ID=0x1f51)
    Vendor:   NVIDIA
    VRAM:     5980 MB
    Driver:   31.0.15.1748
Initialize mono
Mono path[0] = 'C:/Program Files/Unity/Hub/Editor/2021.3.19f1/Editor/Data/Managed'
Mono path[1] = 'C:/Program Files/Unity/Hub/Editor/2021.3.19f1/Editor/Data/MonoBleedingEdge/lib/mono/unityjit-win32'
Mono config path = 'C:/Program Files/Unity/Hub/Editor/2021.3.19f1/Editor/Data/MonoBleedingEdge/etc'
Using monoOptions --debugger-agent=transport=dt_socket,embedding=1,server=y,suspend=n,address=127.0.0.1:56804
Begin MonoManager ReloadAssembly
Registering precompiled unity dll's ...
Register platform support module: C:/Program Files/Unity/Hub/Editor/2021.3.19f1/Editor/Data/PlaybackEngines/WebGLSupport/UnityEditor.WebGL.Extensions.dll
Register platform support module: C:/Program Files/Unity/Hub/Editor/2021.3.19f1/Editor/Data/PlaybackEngines/WindowsStandaloneSupport/UnityEditor.WindowsStandalone.Extensions.dll
Registered in 0.012462 seconds.
Native extension for WindowsStandalone target not found
Native extension for WebGL target not found
Refreshing native plugins compatible for Editor in 119.40 ms, found 3 plugins.
Preloading 0 native plugins for Editor in 0.00 ms.
Mono: successfully reloaded assembly
- Completed reload, in  0.809 seconds
Domain Reload Profiling:
	ReloadAssembly (810ms)
		BeginReloadAssembly (97ms)
			ExecutionOrderSort (0ms)
			DisableScriptedObjects (0ms)
			BackupInstance (0ms)
			ReleaseScriptingObjects (0ms)
			CreateAndSetChildDomain (1ms)
		EndReloadAssembly (565ms)
			LoadAssemblies (93ms)
			RebuildTransferFunctionScriptingTraits (0ms)
			SetupTypeCache (111ms)
			ReleaseScriptCaches (0ms)
			RebuildScriptCaches (32ms)
			SetupLoadedEditorAssemblies (364ms)
				LogAssemblyErrors (0ms)
				InitializePlatformSupportModulesInManaged (10ms)
				SetLoadedEditorAssemblies (0ms)
				RefreshPlugins (119ms)
				BeforeProcessingInitializeOnLoad (1ms)
				ProcessInitializeOnLoadAttributes (164ms)
				ProcessInitializeOnLoadMethodAttributes (69ms)
				AfterProcessingInitializeOnLoad (0ms)
				EditorAssembliesLoaded (0ms)
			ExecutionOrderSort2 (0ms)
			AwakeInstancesAfterBackupRestoration (0ms)
Platform modules already initialized, skipping
Registering precompiled user dll's ...
Registered in 0.009905 seconds.
Begin MonoManager ReloadAssembly
Symbol file LoadedFromMemory doesn't match image C:\Users\SSAFY\MetaverseProject\S08P21B109\UnityProject\Cookscape\Library\PackageCache\com.unity.visualscripting@1.8.0\Editor\VisualScripting.Core\Dependencies\YamlDotNet\Unity.VisualScripting.YamlDotNet.dll
Symbol file LoadedFromMemory doesn't match image C:\Users\SSAFY\MetaverseProject\S08P21B109\UnityProject\Cookscape\Library\PackageCache\com.unity.visualscripting@1.8.0\Editor\VisualScripting.Core\Dependencies\DotNetZip\Unity.VisualScripting.IonicZip.dll
Native extension for WindowsStandalone target not found
Native extension for WebGL target not found
Refreshing native plugins compatible for Editor in 114.04 ms, found 3 plugins.
Preloading 0 native plugins for Editor in 0.00 ms.
Package Manager log level set to [2]
[Package Manager] Server::EnsureServerProcessIsRunning -- launch failed, reason: Unity was launched with the -noUpm command-line argument
[Package Manager] Cannot connect to Unity Package Manager local server
Failed to retrieve URP package from Package Manager...
UnityEngine.StackTraceUtility:ExtractStackTrace ()
UnityEngine.DebugLogHandler:LogFormat (UnityEngine.LogType,UnityEngine.Object,string,object[])
UnityEngine.Logger:Log (UnityEngine.LogType,object)
UnityEngine.Debug:LogError (object)
StylizedWater2.AssetInfo/PackageInstaller:GetURPPackage () (at Assets/StylizedWater2/Editor/AssetInfo.cs:64)
StylizedWater2.AssetInfo/PackageInstaller:GetLatestCompatibleURPVersion () (at Assets/StylizedWater2/Editor/AssetInfo.cs:76)
StylizedWater2.AssetInfo/PackageInstaller:Initialize () (at Assets/StylizedWater2/Editor/AssetInfo.cs:41)
System.Reflection.RuntimeMethodInfo:Invoke (object,System.Reflection.BindingFlags,System.Reflection.Binder,object[],System.Globalization.CultureInfo)
System.Reflection.MethodBase:Invoke (object,object[])
UnityEditor.EditorAssemblies:ProcessInitializeOnLoadMethodAttributes ()

(Filename: Assets/StylizedWater2/Editor/AssetInfo.cs Line: 64)

Cancelling DisplayDialog: Stylized Water 2 v1.3.1 This package requires the Universal Render Pipeline 10.3.2 or newer, would you like to install or update it now?
This should not be called in batch mode.
UnityEngine.StackTraceUtility:ExtractStackTrace ()
UnityEditor.EditorUtility:DisplayDialog (string,string,string,string)
StylizedWater2.AssetInfo/PackageInstaller:Initialize () (at Assets/StylizedWater2/Editor/AssetInfo.cs:43)
System.Reflection.RuntimeMethodInfo:Invoke (object,System.Reflection.BindingFlags,System.Reflection.Binder,object[],System.Globalization.CultureInfo)
System.Reflection.MethodBase:Invoke (object,object[])
UnityEditor.EditorAssemblies:ProcessInitializeOnLoadMethodAttributes ()

[Assets/StylizedWater2/Editor/AssetInfo.cs line 43]

Mono: successfully reloaded assembly
- Completed reload, in  1.826 seconds
Domain Reload Profiling:
	ReloadAssembly (1827ms)
		BeginReloadAssembly (124ms)
			ExecutionOrderSort (0ms)
			DisableScriptedObjects (6ms)
			BackupInstance (0ms)
			ReleaseScriptingObjects (0ms)
			CreateAndSetChildDomain (20ms)
		EndReloadAssembly (1573ms)
			LoadAssemblies (105ms)
			RebuildTransferFunctionScriptingTraits (0ms)
			SetupTypeCache (333ms)
			ReleaseScriptCaches (1ms)
			RebuildScriptCaches (64ms)
			SetupLoadedEditorAssemblies (1020ms)
				LogAssemblyErrors (0ms)
				InitializePlatformSupportModulesInManaged (7ms)
				SetLoadedEditorAssemblies (1ms)
				RefreshPlugins (114ms)
				BeforeProcessingInitializeOnLoad (130ms)
				ProcessInitializeOnLoadAttributes (433ms)
				ProcessInitializeOnLoadMethodAttributes (322ms)
				AfterProcessingInitializeOnLoad (12ms)
				EditorAssembliesLoaded (0ms)
			ExecutionOrderSort2 (0ms)
			AwakeInstancesAfterBackupRestoration (10ms)
Platform modules already initialized, skipping
========================================================================
Worker process is ready to serve import requests
Launched and connected shader compiler UnityShaderCompiler.exe after 0.07 seconds
Refreshing native plugins compatible for Editor in 1.16 ms, found 3 plugins.
Preloading 0 native plugins for Editor in 0.00 ms.
Unloading 4817 Unused Serialized files (Serialized files now loaded: 0)
Unloading 35 unused Assets / (0.9 MB). Loaded Objects now: 5269.
Memory consumption went from 191.5 MB to 190.7 MB.
Total: 4.406900 ms (FindLiveObjects: 0.359900 ms CreateObjectMapping: 0.276600 ms MarkObjects: 3.367800 ms  DeleteObjects: 0.401600 ms)

AssetImportParameters requested are different than current active one (requested -> active):
  custom:video-decoder-ogg-theora: a1e56fd34408186e4bbccfd4996cb3dc -> 
  custom:container-muxer-webm: aa71ff27fc2769a1b78a27578f13a17b -> 
  custom:container-demuxer-webm: 4f35f7cbe854078d1ac9338744f61a02 -> 
  custom:video-encoder-webm-vp8: eb34c28f22e8b96e1ab97ce403110664 -> 
  custom:audio-encoder-webm-vorbis: bf7c407c2cedff20999df2af8eb42d56 -> 
  custom:framework-win-MediaFoundation: 216162199b28c13a410421893ffa2e32 -> 
  custom:container-demuxer-ogg: 62fdf1f143b41e24485cea50d1cbac27 -> 
  custom:video-decoder-webm-vp8: 9c59270c3fd7afecdb556c50c9e8de78 -> 
  custom:audio-decoder-ogg-vorbis: bf7c407c2cedff20999df2af8eb42d56 -> 
========================================================================
Received Import Request.
  Time since last request: 3661657.362941 seconds.
  path: Assets/ImportedAsset/iPoly3D/Fruits and Vegetables Characters/Models/Carrot.fbx
  artifactKey: Guid(78a6558289caece4bb57955a6d029f9b) Importer(815301076,1909f56bfc062723c751e8b465ee728b)
Start importing Assets/ImportedAsset/iPoly3D/Fruits and Vegetables Characters/Models/Carrot.fbx using Guid(78a6558289caece4bb57955a6d029f9b) Importer(815301076,1909f56bfc062723c751e8b465ee728b)  -> (artifact id: 'dc48a2845af49ac9caabc562cb684337') in 0.248848 seconds 
========================================================================
Received Import Request.
  Time since last request: 0.000023 seconds.
  path: Assets/Animation/Animations/Carrot@Crouched Walking.fbx
  artifactKey: Guid(94744179168b43648913ca8fa22f2730) Importer(815301076,1909f56bfc062723c751e8b465ee728b)
Start importing Assets/Animation/Animations/Carrot@Crouched Walking.fbx using Guid(94744179168b43648913ca8fa22f2730) Importer(815301076,1909f56bfc062723c751e8b465ee728b)  -> (artifact id: '53ff42f38d0166caab107ed80a707047') in 0.069385 seconds 
========================================================================
Received Import Request.
  Time since last request: 0.000039 seconds.
  path: Assets/Mnostva_Art/Low Poly Rooms Interiors 2/Meshes/interiors/Paper_2.fbx
  artifactKey: Guid(8f0b17260a3104aebbd0238ca68f2fca) Importer(815301076,1909f56bfc062723c751e8b465ee728b)
Start importing Assets/Mnostva_Art/Low Poly Rooms Interiors 2/Meshes/interiors/Paper_2.fbx using Guid(8f0b17260a3104aebbd0238ca68f2fca) Importer(815301076,1909f56bfc062723c751e8b465ee728b)  -> (artifact id: '38bb35dae97a47876cfe28bb38364bc6') in 0.026615 seconds 
========================================================================
Received Import Request.
  Time since last request: 0.000023 seconds.
  path: Assets/Animation/Animations/Carrot@Crouched Sneaking Right.fbx
  artifactKey: Guid(dc97260bd06576f4189ae36742dedf86) Importer(815301076,1909f56bfc062723c751e8b465ee728b)
Start importing Assets/Animation/Animations/Carrot@Crouched Sneaking Right.fbx using Guid(dc97260bd06576f4189ae36742dedf86) Importer(815301076,1909f56bfc062723c751e8b465ee728b)  -> (artifact id: 'cd5575efa63adc8a88383e58a92a56ed') in 0.034864 seconds 
========================================================================
Received Import Request.
  Time since last request: 0.000044 seconds.
  path: Assets/Animation/Animations/Carrot@Picking Up.fbx
  artifactKey: Guid(7061c5401c10b5147867eaa20b09c022) Importer(815301076,1909f56bfc062723c751e8b465ee728b)
Start importing Assets/Animation/Animations/Carrot@Picking Up.fbx using Guid(7061c5401c10b5147867eaa20b09c022) Importer(815301076,1909f56bfc062723c751e8b465ee728b)  -> (artifact id: '8500d2a151539ba9f19fc46e1bc8360b') in 0.036127 seconds 
========================================================================
Received Import Request.
  Time since last request: 0.000024 seconds.
  path: Assets/Animation/Animations/Carrot@Walk Strafe Left.fbx
  artifactKey: Guid(e0cb6420501e8894996995af03be15fc) Importer(815301076,1909f56bfc062723c751e8b465ee728b)
Start importing Assets/Animation/Animations/Carrot@Walk Strafe Left.fbx using Guid(e0cb6420501e8894996995af03be15fc) Importer(815301076,1909f56bfc062723c751e8b465ee728b)  -> (artifact id: '19e1586bcf19d79929004797b54f2fb0') in 0.034666 seconds 
========================================================================
Received Import Request.
  Time since last request: 0.000024 seconds.
  path: Assets/Animation/Animations/Carrot@Walk Strafe Right.fbx
  artifactKey: Guid(6876b03d980b3054aa5f96b3bb1e4c70) Importer(815301076,1909f56bfc062723c751e8b465ee728b)
Start importing Assets/Animation/Animations/Carrot@Walk Strafe Right.fbx using Guid(6876b03d980b3054aa5f96b3bb1e4c70) Importer(815301076,1909f56bfc062723c751e8b465ee728b)  -> (artifact id: 'a1f41c3660c27861cc8576092359dd76') in 0.034800 seconds 
========================================================================
Received Import Request.
  Time since last request: 0.000034 seconds.
  path: Assets/Animation/Animations/Carrot@Running Backward.fbx
  artifactKey: Guid(36043f4ced1245d40a7bffb41ed2b992) Importer(815301076,1909f56bfc062723c751e8b465ee728b)
Start importing Assets/Animation/Animations/Carrot@Running Backward.fbx using Guid(36043f4ced1245d40a7bffb41ed2b992) Importer(815301076,1909f56bfc062723c751e8b465ee728b)  -> (artifact id: 'b26f6f7d685ba89d4f9db681aaf75ea4') in 0.037331 seconds 
========================================================================
Received Import Request.
  Time since last request: 0.000058 seconds.
  path: Packages/com.unity.render-pipelines.core/Editor/Resources/DebugProbe.fbx
  artifactKey: Guid(9e1c97fc44f9a8744b61b58f72c56de4) Importer(815301076,1909f56bfc062723c751e8b465ee728b)
Start importing Packages/com.unity.render-pipelines.core/Editor/Resources/DebugProbe.fbx using Guid(9e1c97fc44f9a8744b61b58f72c56de4) Importer(815301076,1909f56bfc062723c751e8b465ee728b)  -> (artifact id: '035ac4d9ed1573b9b886dde130e97d28') in 0.024235 seconds 
========================================================================
Received Import Request.
  Time since last request: 0.754435 seconds.
  path: Assets/PolygonHorrorMansion/Models/Base_Buildings/SM_Bld_Base_Wall_01.fbx
  artifactKey: Guid(bf66c996903e9c7438f58ae109090762) Importer(815301076,1909f56bfc062723c751e8b465ee728b)
Start importing Assets/PolygonHorrorMansion/Models/Base_Buildings/SM_Bld_Base_Wall_01.fbx using Guid(bf66c996903e9c7438f58ae109090762) Importer(815301076,1909f56bfc062723c751e8b465ee728b)  -> (artifact id: '1dfaab7e6ee6076cb6ee140006473074') in 0.030745 seconds 
========================================================================
Received Import Request.
  Time since last request: 1.655542 seconds.
  path: Packages/com.unity.searcher/Editor/Resources/FlatSkin/Font/Roboto-BlackItalic.ttf
  artifactKey: Guid(f95147a9bab9fe649b8070170fa7ebd2) Importer(815301076,1909f56bfc062723c751e8b465ee728b)
Start importing Packages/com.unity.searcher/Editor/Resources/FlatSkin/Font/Roboto-BlackItalic.ttf using Guid(f95147a9bab9fe649b8070170fa7ebd2) Importer(815301076,1909f56bfc062723c751e8b465ee728b)  -> (artifact id: 'ff5e82c49151da709408faf8580ab932') in 0.105009 seconds 
========================================================================
Received Import Request.
  Time since last request: 0.000023 seconds.
  path: Packages/com.unity.render-pipelines.universal/Runtime/Materials/ParticlesUnlit.mat
  artifactKey: Guid(e823cd5b5d27c0f4b8256e7c12ee3e6d) Importer(815301076,1909f56bfc062723c751e8b465ee728b)
Start importing Packages/com.unity.render-pipelines.universal/Runtime/Materials/ParticlesUnlit.mat using Guid(e823cd5b5d27c0f4b8256e7c12ee3e6d) Importer(815301076,1909f56bfc062723c751e8b465ee728b)  -> (artifact id: '3da1ae7b39732412f0f1d882f2a65aa9') in 0.078571 seconds 
========================================================================
Received Import Request.
  Time since last request: 0.000058 seconds.
  path: Packages/com.unity.render-pipelines.universal/Runtime/Materials/SimpleLit.mat
  artifactKey: Guid(6a1143ee683302f4aa628c052723efc1) Importer(815301076,1909f56bfc062723c751e8b465ee728b)
Start importing Packages/com.unity.render-pipelines.universal/Runtime/Materials/SimpleLit.mat using Guid(6a1143ee683302f4aa628c052723efc1) Importer(815301076,1909f56bfc062723c751e8b465ee728b)  -> (artifact id: '281ba515dab6d9e04c013d88024a2abb') in 0.080361 seconds 
========================================================================
Received Import Request.
  Time since last request: 0.000032 seconds.
  path: Assets/Islands - Stylized Low Poly/Materials/M_colorpallet_isl_01.mat
  artifactKey: Guid(721941b8a2f392e44a2f8fc7f749da1e) Importer(815301076,1909f56bfc062723c751e8b465ee728b)
Start importing Assets/Islands - Stylized Low Poly/Materials/M_colorpallet_isl_01.mat using Guid(721941b8a2f392e44a2f8fc7f749da1e) Importer(815301076,1909f56bfc062723c751e8b465ee728b)  -> (artifact id: '797e8819ae15e3a40bb6763d77b5f812') in 0.018005 seconds 
========================================================================
Received Import Request.
  Time since last request: 0.000019 seconds.
  path: Assets/Mnostva_Art/Low Poly Retro Vintage Rooms Interiors/Materials/Retro_Rooms_Material.mat
  artifactKey: Guid(0421c76de8fbe4a5f82e9427a8441477) Importer(815301076,1909f56bfc062723c751e8b465ee728b)
Start importing Assets/Mnostva_Art/Low Poly Retro Vintage Rooms Interiors/Materials/Retro_Rooms_Material.mat using Guid(0421c76de8fbe4a5f82e9427a8441477) Importer(815301076,1909f56bfc062723c751e8b465ee728b)  -> (artifact id: 'd50f6eb6354c0b12ef6e54cfd7dd55a2') in 0.028787 seconds 
========================================================================
Received Import Request.
  Time since last request: 0.285733 seconds.
  path: Assets/StylizedWater2/Materials/StylizedWater2_Desktop.mat
  artifactKey: Guid(fbb04271505a76f40b984e38071e86f3) Importer(815301076,1909f56bfc062723c751e8b465ee728b)
Start importing Assets/StylizedWater2/Materials/StylizedWater2_Desktop.mat using Guid(fbb04271505a76f40b984e38071e86f3) Importer(815301076,1909f56bfc062723c751e8b465ee728b)  -> (artifact id: 'b504541a2c9429860b026950f3da6436') in 0.034438 seconds 
========================================================================
Received Import Request.
  Time since last request: 5.686926 seconds.
  path: Assets/Animation/Animations
  artifactKey: Guid(f689640869904e54992ccadcd15f41fe) Importer(815301076,1909f56bfc062723c751e8b465ee728b)
Start importing Assets/Animation/Animations using Guid(f689640869904e54992ccadcd15f41fe) Importer(815301076,1909f56bfc062723c751e8b465ee728b)  -> (artifact id: 'a6c6a8f7a2809648bba5db4f64e34372') in 0.007585 seconds 
========================================================================
Received Import Request.
  Time since last request: 1.808666 seconds.
  path: Assets/Animation/Animators/CarrotUpperMask.mask
  artifactKey: Guid(61b8bfe3ccdc100408c731da4b57ce04) Importer(815301076,1909f56bfc062723c751e8b465ee728b)
Start importing Assets/Animation/Animators/CarrotUpperMask.mask using Guid(61b8bfe3ccdc100408c731da4b57ce04) Importer(815301076,1909f56bfc062723c751e8b465ee728b)  -> (artifact id: '6b811496d6a443a0e03b127a393f93a9') in 0.014404 seconds 
========================================================================
Received Import Request.
  Time since last request: 1.375481 seconds.
  path: Assets/Animation/Animators/CarrotController.controller
  artifactKey: Guid(af08b792f26f3bc4ba24b7fa6ac007ce) Importer(815301076,1909f56bfc062723c751e8b465ee728b)
Start importing Assets/Animation/Animators/CarrotController.controller using Guid(af08b792f26f3bc4ba24b7fa6ac007ce) Importer(815301076,1909f56bfc062723c751e8b465ee728b)  -> (artifact id: 'f9ef29e262fce459a9d4ed58fb866156') in 0.031136 seconds 
========================================================================
Received Import Request.
  Time since last request: 5.325718 seconds.
  path: Assets/Islands - Stylized Low Poly/Prefabs
  artifactKey: Guid(408f5b83ba53e6f4fa242fd9d19f2d33) Importer(815301076,1909f56bfc062723c751e8b465ee728b)
Start importing Assets/Islands - Stylized Low Poly/Prefabs using Guid(408f5b83ba53e6f4fa242fd9d19f2d33) Importer(815301076,1909f56bfc062723c751e8b465ee728b)  -> (artifact id: 'c86e0690a91f02f5e41b5d7da7702822') in 0.008440 seconds 
========================================================================
Received Import Request.
  Time since last request: 2.522733 seconds.
  path: Assets/Islands - Stylized Low Poly/Colorpallet/T_colorpallet_island_01.png
  artifactKey: Guid(d79bc1f17bcb04b4c9996c791333f0f1) Importer(815301076,1909f56bfc062723c751e8b465ee728b)
Start importing Assets/Islands - Stylized Low Poly/Colorpallet/T_colorpallet_island_01.png using Guid(d79bc1f17bcb04b4c9996c791333f0f1) Importer(815301076,1909f56bfc062723c751e8b465ee728b)  -> (artifact id: '2a34c16eb2aac978d4ee5abe720e485b') in 0.076611 seconds 
========================================================================
Received Import Request.
  Time since last request: 8.609902 seconds.
  path: Assets/KriptoFX/IceShader
  artifactKey: Guid(5b7e5c4351fd3694e99da217e5a543cc) Importer(815301076,1909f56bfc062723c751e8b465ee728b)
Start importing Assets/KriptoFX/IceShader using Guid(5b7e5c4351fd3694e99da217e5a543cc) Importer(815301076,1909f56bfc062723c751e8b465ee728b)  -> (artifact id: 'da202c3dd709d8464ec82fa86ad6c2e2') in 0.008000 seconds 
========================================================================
Received Import Request.
  Time since last request: 0.675832 seconds.
  path: Assets/KriptoFX/IceShader/Scripts
  artifactKey: Guid(b645f9bfb165b5149b18759b928efed0) Importer(815301076,1909f56bfc062723c751e8b465ee728b)
Start importing Assets/KriptoFX/IceShader/Scripts using Guid(b645f9bfb165b5149b18759b928efed0) Importer(815301076,1909f56bfc062723c751e8b465ee728b)  -> (artifact id: 'dfe6ec8b23451f4830b52b168ad21725') in 0.009554 seconds 
========================================================================
Received Import Request.
  Time since last request: 0.777523 seconds.
  path: Assets/KriptoFX/IceShader/Scripts/FreezeBehaviour.cs
  artifactKey: Guid(898de9bd73e90304e9d7d2b4d65c6bbd) Importer(815301076,1909f56bfc062723c751e8b465ee728b)
Start importing Assets/KriptoFX/IceShader/Scripts/FreezeBehaviour.cs using Guid(898de9bd73e90304e9d7d2b4d65c6bbd) Importer(815301076,1909f56bfc062723c751e8b465ee728b)  -> (artifact id: '4ab2d895270b1efa505dbce4746534d8') in 0.025686 seconds 
========================================================================
Received Import Request.
  Time since last request: 0.478927 seconds.
  path: Assets/KriptoFX/IceShader/Scripts/Gui.cs
  artifactKey: Guid(ab3995063421ae64fab93de4ab579e95) Importer(815301076,1909f56bfc062723c751e8b465ee728b)
Start importing Assets/KriptoFX/IceShader/Scripts/Gui.cs using Guid(ab3995063421ae64fab93de4ab579e95) Importer(815301076,1909f56bfc062723c751e8b465ee728b)  -> (artifact id: '5b41ecae742bb484391c16a83dff3314') in 0.007070 seconds 
========================================================================
Received Prepare
Registering precompiled user dll's ...
Registered in 0.009845 seconds.
Begin MonoManager ReloadAssembly
Symbol file LoadedFromMemory doesn't match image C:\Users\SSAFY\MetaverseProject\S08P21B109\UnityProject\Cookscape\Library\PackageCache\com.unity.visualscripting@1.8.0\Editor\VisualScripting.Core\Dependencies\YamlDotNet\Unity.VisualScripting.YamlDotNet.dll
Symbol file LoadedFromMemory doesn't match image C:\Users\SSAFY\MetaverseProject\S08P21B109\UnityProject\Cookscape\Library\PackageCache\com.unity.visualscripting@1.8.0\Editor\VisualScripting.Core\Dependencies\DotNetZip\Unity.VisualScripting.IonicZip.dll
Native extension for WindowsStandalone target not found
Native extension for WebGL target not found
Refreshing native plugins compatible for Editor in 1.31 ms, found 3 plugins.
Preloading 0 native plugins for Editor in 0.00 ms.
[Package Manager] Server::EnsureServerProcessIsRunning -- launch failed, reason: Unity was launched with the -noUpm command-line argument
[Package Manager] Cannot connect to Unity Package Manager local server
Failed to retrieve URP package from Package Manager...
UnityEngine.StackTraceUtility:ExtractStackTrace ()
UnityEngine.DebugLogHandler:LogFormat (UnityEngine.LogType,UnityEngine.Object,string,object[])
UnityEngine.Logger:Log (UnityEngine.LogType,object)
UnityEngine.Debug:LogError (object)
StylizedWater2.AssetInfo/PackageInstaller:GetURPPackage () (at Assets/StylizedWater2/Editor/AssetInfo.cs:64)
StylizedWater2.AssetInfo/PackageInstaller:GetLatestCompatibleURPVersion () (at Assets/StylizedWater2/Editor/AssetInfo.cs:76)
StylizedWater2.AssetInfo/PackageInstaller:Initialize () (at Assets/StylizedWater2/Editor/AssetInfo.cs:41)
System.Reflection.RuntimeMethodInfo:Invoke (object,System.Reflection.BindingFlags,System.Reflection.Binder,object[],System.Globalization.CultureInfo)
System.Reflection.MethodBase:Invoke (object,object[])
UnityEditor.EditorAssemblies:ProcessInitializeOnLoadMethodAttributes ()

(Filename: Assets/StylizedWater2/Editor/AssetInfo.cs Line: 64)

Cancelling DisplayDialog: Stylized Water 2 v1.3.1 This package requires the Universal Render Pipeline 10.3.2 or newer, would you like to install or update it now?
This should not be called in batch mode.
UnityEngine.StackTraceUtility:ExtractStackTrace ()
UnityEditor.EditorUtility:DisplayDialog (string,string,string,string)
StylizedWater2.AssetInfo/PackageInstaller:Initialize () (at Assets/StylizedWater2/Editor/AssetInfo.cs:43)
System.Reflection.RuntimeMethodInfo:Invoke (object,System.Reflection.BindingFlags,System.Reflection.Binder,object[],System.Globalization.CultureInfo)
System.Reflection.MethodBase:Invoke (object,object[])
UnityEditor.EditorAssemblies:ProcessInitializeOnLoadMethodAttributes ()

[Assets/StylizedWater2/Editor/AssetInfo.cs line 43]

Mono: successfully reloaded assembly
- Completed reload, in  2.116 seconds
Domain Reload Profiling:
	ReloadAssembly (2117ms)
		BeginReloadAssembly (201ms)
			ExecutionOrderSort (0ms)
			DisableScriptedObjects (8ms)
			BackupInstance (0ms)
			ReleaseScriptingObjects (0ms)
			CreateAndSetChildDomain (51ms)
		EndReloadAssembly (1724ms)
			LoadAssemblies (139ms)
			RebuildTransferFunctionScriptingTraits (0ms)
			SetupTypeCache (424ms)
			ReleaseScriptCaches (2ms)
			RebuildScriptCaches (57ms)
			SetupLoadedEditorAssemblies (1040ms)
				LogAssemblyErrors (0ms)
				InitializePlatformSupportModulesInManaged (25ms)
				SetLoadedEditorAssemblies (1ms)
				RefreshPlugins (1ms)
				BeforeProcessingInitializeOnLoad (149ms)
				ProcessInitializeOnLoadAttributes (514ms)
				ProcessInitializeOnLoadMethodAttributes (333ms)
				AfterProcessingInitializeOnLoad (17ms)
				EditorAssembliesLoaded (0ms)
			ExecutionOrderSort2 (0ms)
			AwakeInstancesAfterBackupRestoration (15ms)
Platform modules already initialized, skipping
Refreshing native plugins compatible for Editor in 2.93 ms, found 3 plugins.
Preloading 0 native plugins for Editor in 0.00 ms.
Unloading 4741 Unused Serialized files (Serialized files now loaded: 0)
Unloading 29 unused Assets / (0.8 MB). Loaded Objects now: 5324.
Memory consumption went from 201.4 MB to 200.6 MB.
Total: 3.853600 ms (FindLiveObjects: 0.417800 ms CreateObjectMapping: 0.280900 ms MarkObjects: 2.792100 ms  DeleteObjects: 0.361800 ms)

AssetImportParameters requested are different than current active one (requested -> active):
  custom:video-decoder-ogg-theora: a1e56fd34408186e4bbccfd4996cb3dc -> 
  custom:container-muxer-webm: aa71ff27fc2769a1b78a27578f13a17b -> 
  custom:container-demuxer-webm: 4f35f7cbe854078d1ac9338744f61a02 -> 
  custom:video-encoder-webm-vp8: eb34c28f22e8b96e1ab97ce403110664 -> 
  custom:audio-encoder-webm-vorbis: bf7c407c2cedff20999df2af8eb42d56 -> 
  custom:framework-win-MediaFoundation: 216162199b28c13a410421893ffa2e32 -> 
  custom:container-demuxer-ogg: 62fdf1f143b41e24485cea50d1cbac27 -> 
  custom:video-decoder-webm-vp8: 9c59270c3fd7afecdb556c50c9e8de78 -> 
  custom:audio-decoder-ogg-vorbis: bf7c407c2cedff20999df2af8eb42d56 -> 
========================================================================
Received Import Request.
  Time since last request: 19.749511 seconds.
  path: Assets/Low Poly Water/Plane Meshes/Plane1x1W1H1.asset
  artifactKey: Guid(2ed704fe481a84ff5acdcfcefcc17902) Importer(815301076,1909f56bfc062723c751e8b465ee728b)
Start importing Assets/Low Poly Water/Plane Meshes/Plane1x1W1H1.asset using Guid(2ed704fe481a84ff5acdcfcefcc17902) Importer(815301076,1909f56bfc062723c751e8b465ee728b)  -> (artifact id: '3b116f9eaa2fb556dbcd73d6796a89a5') in 0.096116 seconds 
========================================================================
Received Import Request.
  Time since last request: 2.033481 seconds.
  path: Assets/LowPolyWater_Pack/Materials
  artifactKey: Guid(d7875f56450103f4bb06a505df9c787b) Importer(815301076,1909f56bfc062723c751e8b465ee728b)
Start importing Assets/LowPolyWater_Pack/Materials using Guid(d7875f56450103f4bb06a505df9c787b) Importer(815301076,1909f56bfc062723c751e8b465ee728b)  -> (artifact id: 'd295d1be683ac711f718a5a6c4edeb31') in 0.008221 seconds 
========================================================================
Received Import Request.
  Time since last request: 0.468464 seconds.
  path: Assets/LowPolyWater_Pack/Scripts
  artifactKey: Guid(73a868dbddcf1bd44832d07df468c38b) Importer(815301076,1909f56bfc062723c751e8b465ee728b)
Start importing Assets/LowPolyWater_Pack/Scripts using Guid(73a868dbddcf1bd44832d07df468c38b) Importer(815301076,1909f56bfc062723c751e8b465ee728b)  -> (artifact id: '79285624c4d90fa23eaa133bc9dbcce6') in 0.002698 seconds 
========================================================================
Received Import Request.
  Time since last request: 0.381457 seconds.
  path: Assets/LowPolyWater_Pack/Shaders
  artifactKey: Guid(c8a5e84f09815e748885f76f3179f70c) Importer(815301076,1909f56bfc062723c751e8b465ee728b)
Start importing Assets/LowPolyWater_Pack/Shaders using Guid(c8a5e84f09815e748885f76f3179f70c) Importer(815301076,1909f56bfc062723c751e8b465ee728b)  -> (artifact id: '7f3161b7b5724232c1d459686ece3495') in 0.007527 seconds 
========================================================================
Received Import Request.
  Time since last request: 1.018342 seconds.
  path: Assets/LowPolyWater_Pack/Shaders/WaterShaded.shader
  artifactKey: Guid(16516895e8a79bf49a6562c3c3b84cbf) Importer(815301076,1909f56bfc062723c751e8b465ee728b)
Start importing Assets/LowPolyWater_Pack/Shaders/WaterShaded.shader using Guid(16516895e8a79bf49a6562c3c3b84cbf) Importer(815301076,1909f56bfc062723c751e8b465ee728b)  -> (artifact id: '64c4f0fe7ffab1cad32b16d8a154ab73') in 0.009093 seconds 
========================================================================
Received Import Request.
  Time since last request: 4.209903 seconds.
  path: Assets/LowPolyWater_Pack/Scripts/Editor
  artifactKey: Guid(7641f136fad5c914b9f1bc9df2551206) Importer(815301076,1909f56bfc062723c751e8b465ee728b)
Start importing Assets/LowPolyWater_Pack/Scripts/Editor using Guid(7641f136fad5c914b9f1bc9df2551206) Importer(815301076,1909f56bfc062723c751e8b465ee728b)  -> (artifact id: 'a03f6860c39ac7482c084b2bb42661a0') in 0.009059 seconds 
========================================================================
Received Import Request.
  Time since last request: 0.966579 seconds.
  path: Assets/LowPolyWater_Pack/Scripts/Editor/GeneratePlane.cs
  artifactKey: Guid(6fe99e92f179e48498503818d15ac6aa) Importer(815301076,1909f56bfc062723c751e8b465ee728b)
Start importing Assets/LowPolyWater_Pack/Scripts/Editor/GeneratePlane.cs using Guid(6fe99e92f179e48498503818d15ac6aa) Importer(815301076,1909f56bfc062723c751e8b465ee728b)  -> (artifact id: 'f5a8abe10f869ca22d91d4735871afa7') in 0.007321 seconds 
========================================================================
Received Import Request.
  Time since last request: 2.619908 seconds.
  path: Assets/LowPolyWater_Pack/Textures/Foam.tga
  artifactKey: Guid(5fbcffe9c2077f04186883cb39275fcc) Importer(815301076,1909f56bfc062723c751e8b465ee728b)
Start importing Assets/LowPolyWater_Pack/Textures/Foam.tga using Guid(5fbcffe9c2077f04186883cb39275fcc) Importer(815301076,1909f56bfc062723c751e8b465ee728b)  -> (artifact id: 'e2031b06efcd162fd500d5231612091c') in 0.027411 seconds 
========================================================================
Received Import Request.
  Time since last request: 4.666276 seconds.
  path: Assets/LowPolyWater_Pack/Scripts/LowPolyWater.cs
  artifactKey: Guid(5c6a6df342b52d24092cf6bbb590c535) Importer(815301076,1909f56bfc062723c751e8b465ee728b)
Start importing Assets/LowPolyWater_Pack/Scripts/LowPolyWater.cs using Guid(5c6a6df342b52d24092cf6bbb590c535) Importer(815301076,1909f56bfc062723c751e8b465ee728b)  -> (artifact id: '552dfa5ff6d9e0dcb6e8909f2cd82f33') in 0.009590 seconds 
========================================================================
Received Prepare
Registering precompiled user dll's ...
Registered in 0.014126 seconds.
Begin MonoManager ReloadAssembly
Symbol file LoadedFromMemory doesn't match image C:\Users\SSAFY\MetaverseProject\S08P21B109\UnityProject\Cookscape\Library\PackageCache\com.unity.visualscripting@1.8.0\Editor\VisualScripting.Core\Dependencies\YamlDotNet\Unity.VisualScripting.YamlDotNet.dll
Symbol file LoadedFromMemory doesn't match image C:\Users\SSAFY\MetaverseProject\S08P21B109\UnityProject\Cookscape\Library\PackageCache\com.unity.visualscripting@1.8.0\Editor\VisualScripting.Core\Dependencies\DotNetZip\Unity.VisualScripting.IonicZip.dll
Native extension for WindowsStandalone target not found
Native extension for WebGL target not found
Refreshing native plugins compatible for Editor in 0.74 ms, found 3 plugins.
Preloading 0 native plugins for Editor in 0.00 ms.
[Package Manager] Server::EnsureServerProcessIsRunning -- launch failed, reason: Unity was launched with the -noUpm command-line argument
[Package Manager] Cannot connect to Unity Package Manager local server
Failed to retrieve URP package from Package Manager...
UnityEngine.StackTraceUtility:ExtractStackTrace ()
UnityEngine.DebugLogHandler:LogFormat (UnityEngine.LogType,UnityEngine.Object,string,object[])
UnityEngine.Logger:Log (UnityEngine.LogType,object)
UnityEngine.Debug:LogError (object)
StylizedWater2.AssetInfo/PackageInstaller:GetURPPackage () (at Assets/StylizedWater2/Editor/AssetInfo.cs:64)
StylizedWater2.AssetInfo/PackageInstaller:GetLatestCompatibleURPVersion () (at Assets/StylizedWater2/Editor/AssetInfo.cs:76)
StylizedWater2.AssetInfo/PackageInstaller:Initialize () (at Assets/StylizedWater2/Editor/AssetInfo.cs:41)
System.Reflection.RuntimeMethodInfo:Invoke (object,System.Reflection.BindingFlags,System.Reflection.Binder,object[],System.Globalization.CultureInfo)
System.Reflection.MethodBase:Invoke (object,object[])
UnityEditor.EditorAssemblies:ProcessInitializeOnLoadMethodAttributes ()

(Filename: Assets/StylizedWater2/Editor/AssetInfo.cs Line: 64)

Cancelling DisplayDialog: Stylized Water 2 v1.3.1 This package requires the Universal Render Pipeline 10.3.2 or newer, would you like to install or update it now?
This should not be called in batch mode.
UnityEngine.StackTraceUtility:ExtractStackTrace ()
UnityEditor.EditorUtility:DisplayDialog (string,string,string,string)
StylizedWater2.AssetInfo/PackageInstaller:Initialize () (at Assets/StylizedWater2/Editor/AssetInfo.cs:43)
System.Reflection.RuntimeMethodInfo:Invoke (object,System.Reflection.BindingFlags,System.Reflection.Binder,object[],System.Globalization.CultureInfo)
System.Reflection.MethodBase:Invoke (object,object[])
UnityEditor.EditorAssemblies:ProcessInitializeOnLoadMethodAttributes ()

[Assets/StylizedWater2/Editor/AssetInfo.cs line 43]

Mono: successfully reloaded assembly
- Completed reload, in  1.959 seconds
Domain Reload Profiling:
	ReloadAssembly (1960ms)
		BeginReloadAssembly (176ms)
			ExecutionOrderSort (0ms)
			DisableScriptedObjects (5ms)
			BackupInstance (0ms)
			ReleaseScriptingObjects (0ms)
			CreateAndSetChildDomain (53ms)
		EndReloadAssembly (1661ms)
			LoadAssemblies (124ms)
			RebuildTransferFunctionScriptingTraits (0ms)
			SetupTypeCache (417ms)
			ReleaseScriptCaches (2ms)
			RebuildScriptCaches (69ms)
			SetupLoadedEditorAssemblies (988ms)
				LogAssemblyErrors (0ms)
				InitializePlatformSupportModulesInManaged (21ms)
				SetLoadedEditorAssemblies (0ms)
				RefreshPlugins (1ms)
				BeforeProcessingInitializeOnLoad (121ms)
				ProcessInitializeOnLoadAttributes (497ms)
				ProcessInitializeOnLoadMethodAttributes (331ms)
				AfterProcessingInitializeOnLoad (16ms)
				EditorAssembliesLoaded (0ms)
			ExecutionOrderSort2 (0ms)
			AwakeInstancesAfterBackupRestoration (14ms)
Platform modules already initialized, skipping
Refreshing native plugins compatible for Editor in 2.57 ms, found 3 plugins.
Preloading 0 native plugins for Editor in 0.00 ms.
Unloading 4741 Unused Serialized files (Serialized files now loaded: 0)
Unloading 28 unused Assets / (0.8 MB). Loaded Objects now: 5327.
Memory consumption went from 201.4 MB to 200.6 MB.
Total: 5.814800 ms (FindLiveObjects: 0.326000 ms CreateObjectMapping: 0.270500 ms MarkObjects: 4.694400 ms  DeleteObjects: 0.523000 ms)

AssetImportParameters requested are different than current active one (requested -> active):
  custom:video-decoder-ogg-theora: a1e56fd34408186e4bbccfd4996cb3dc -> 
  custom:container-muxer-webm: aa71ff27fc2769a1b78a27578f13a17b -> 
  custom:container-demuxer-webm: 4f35f7cbe854078d1ac9338744f61a02 -> 
  custom:video-encoder-webm-vp8: eb34c28f22e8b96e1ab97ce403110664 -> 
  custom:audio-encoder-webm-vorbis: bf7c407c2cedff20999df2af8eb42d56 -> 
  custom:framework-win-MediaFoundation: 216162199b28c13a410421893ffa2e32 -> 
  custom:container-demuxer-ogg: 62fdf1f143b41e24485cea50d1cbac27 -> 
  custom:video-decoder-webm-vp8: 9c59270c3fd7afecdb556c50c9e8de78 -> 
  custom:audio-decoder-ogg-vorbis: bf7c407c2cedff20999df2af8eb42d56 -> 
========================================================================
Received Import Request.
  Time since last request: 36.209942 seconds.
  path: Assets/Mnostva_Art/Low Poly Rooms Interiors 2/Textures
  artifactKey: Guid(70696a9f89ea2874799425b1013c80e9) Importer(815301076,1909f56bfc062723c751e8b465ee728b)
Start importing Assets/Mnostva_Art/Low Poly Rooms Interiors 2/Textures using Guid(70696a9f89ea2874799425b1013c80e9) Importer(815301076,1909f56bfc062723c751e8b465ee728b)  -> (artifact id: '2ed186880ca4522b187ecd72f9795e30') in 0.017619 seconds 
========================================================================
Received Import Request.
  Time since last request: 0.028722 seconds.
  path: Assets/Mnostva_Art/Low Poly Rooms Interiors 2/Textures/Texture_512.png
  artifactKey: Guid(b8e0ea7d9e5444c2291778ae0d4ecfc1) Importer(815301076,1909f56bfc062723c751e8b465ee728b)
Start importing Assets/Mnostva_Art/Low Poly Rooms Interiors 2/Textures/Texture_512.png using Guid(b8e0ea7d9e5444c2291778ae0d4ecfc1) Importer(815301076,1909f56bfc062723c751e8b465ee728b)  -> (artifact id: '48b36ec1820b3e67dce34830a0ceb361') in 0.045396 seconds 
========================================================================
Received Import Request.
  Time since last request: 4.011948 seconds.
  path: Assets/Mnostva_Art/Low Poly Retro Vintage Rooms Interiors/Materials
  artifactKey: Guid(6828400276b8a4d48868246b81fb9030) Importer(815301076,1909f56bfc062723c751e8b465ee728b)
Start importing Assets/Mnostva_Art/Low Poly Retro Vintage Rooms Interiors/Materials using Guid(6828400276b8a4d48868246b81fb9030) Importer(815301076,1909f56bfc062723c751e8b465ee728b)  -> (artifact id: '7c532e70442de336b86539589caa8cfc') in 0.003696 seconds 
========================================================================
Received Import Request.
  Time since last request: 2.888591 seconds.
  path: Assets/Mnostva_Art/Low Poly Retro Vintage Rooms Interiors/Textures/Retro_Texture_2048.png
  artifactKey: Guid(88d3e8ce209884c1d8c07f64fce63aed) Importer(815301076,1909f56bfc062723c751e8b465ee728b)
Start importing Assets/Mnostva_Art/Low Poly Retro Vintage Rooms Interiors/Textures/Retro_Texture_2048.png using Guid(88d3e8ce209884c1d8c07f64fce63aed) Importer(815301076,1909f56bfc062723c751e8b465ee728b)  -> (artifact id: '20666880be013e543cc5aa413a7f75dc') in 0.016451 seconds 
========================================================================
Received Import Request.
  Time since last request: 6.868217 seconds.
  path: Assets/PolygonHorrorMansion/Materials
  artifactKey: Guid(27fd75dc95aae2f41aeb25217f61e2b1) Importer(815301076,1909f56bfc062723c751e8b465ee728b)
Start importing Assets/PolygonHorrorMansion/Materials using Guid(27fd75dc95aae2f41aeb25217f61e2b1) Importer(815301076,1909f56bfc062723c751e8b465ee728b)  -> (artifact id: 'c5587fba3bbfc6fd11010ad2ede81210') in 0.003487 seconds 
========================================================================
Received Import Request.
  Time since last request: 0.559823 seconds.
  path: Assets/PolygonHorrorMansion/Prefabs
  artifactKey: Guid(693755ad84543644795d880727fa119b) Importer(815301076,1909f56bfc062723c751e8b465ee728b)
Start importing Assets/PolygonHorrorMansion/Prefabs using Guid(693755ad84543644795d880727fa119b) Importer(815301076,1909f56bfc062723c751e8b465ee728b)  -> (artifact id: 'ea2b024c9d4c69de383712048f792dd3') in 0.002680 seconds 
========================================================================
Received Import Request.
  Time since last request: 0.722586 seconds.
  path: Assets/PolygonHorrorMansion/Prefabs/Buildings
  artifactKey: Guid(743c2838a1ecd104c80fef5954c37749) Importer(815301076,1909f56bfc062723c751e8b465ee728b)
Start importing Assets/PolygonHorrorMansion/Prefabs/Buildings using Guid(743c2838a1ecd104c80fef5954c37749) Importer(815301076,1909f56bfc062723c751e8b465ee728b)  -> (artifact id: '5d0d9b7ae30d90af02fd827134a3e3e1') in 0.009875 seconds 
========================================================================
Received Prepare
Registering precompiled user dll's ...
Registered in 0.009739 seconds.
Begin MonoManager ReloadAssembly
Symbol file LoadedFromMemory doesn't match image C:\Users\SSAFY\MetaverseProject\S08P21B109\UnityProject\Cookscape\Library\PackageCache\com.unity.visualscripting@1.8.0\Editor\VisualScripting.Core\Dependencies\YamlDotNet\Unity.VisualScripting.YamlDotNet.dll
Symbol file LoadedFromMemory doesn't match image C:\Users\SSAFY\MetaverseProject\S08P21B109\UnityProject\Cookscape\Library\PackageCache\com.unity.visualscripting@1.8.0\Editor\VisualScripting.Core\Dependencies\DotNetZip\Unity.VisualScripting.IonicZip.dll
Native extension for WindowsStandalone target not found
Native extension for WebGL target not found
Refreshing native plugins compatible for Editor in 137.72 ms, found 3 plugins.
Preloading 0 native plugins for Editor in 0.00 ms.
Mono: successfully reloaded assembly
- Completed reload, in  1.823 seconds
Domain Reload Profiling:
	ReloadAssembly (1824ms)
		BeginReloadAssembly (189ms)
			ExecutionOrderSort (0ms)
			DisableScriptedObjects (7ms)
			BackupInstance (0ms)
			ReleaseScriptingObjects (0ms)
			CreateAndSetChildDomain (52ms)
		EndReloadAssembly (1487ms)
			LoadAssemblies (119ms)
			RebuildTransferFunctionScriptingTraits (0ms)
			SetupTypeCache (367ms)
			ReleaseScriptCaches (2ms)
			RebuildScriptCaches (68ms)
			SetupLoadedEditorAssemblies (861ms)
				LogAssemblyErrors (0ms)
				InitializePlatformSupportModulesInManaged (18ms)
				SetLoadedEditorAssemblies (0ms)
				RefreshPlugins (138ms)
				BeforeProcessingInitializeOnLoad (136ms)
				ProcessInitializeOnLoadAttributes (484ms)
				ProcessInitializeOnLoadMethodAttributes (73ms)
				AfterProcessingInitializeOnLoad (13ms)
				EditorAssembliesLoaded (0ms)
			ExecutionOrderSort2 (0ms)
			AwakeInstancesAfterBackupRestoration (12ms)
Platform modules already initialized, skipping
Refreshing native plugins compatible for Editor in 2.21 ms, found 3 plugins.
Preloading 0 native plugins for Editor in 0.00 ms.
Unloading 4723 Unused Serialized files (Serialized files now loaded: 0)
Unloading 35 unused Assets / (0.8 MB). Loaded Objects now: 5322.
Memory consumption went from 200.8 MB to 200.0 MB.
Total: 4.541200 ms (FindLiveObjects: 0.359400 ms CreateObjectMapping: 0.262100 ms MarkObjects: 3.431000 ms  DeleteObjects: 0.487700 ms)

AssetImportParameters requested are different than current active one (requested -> active):
  custom:video-decoder-ogg-theora: a1e56fd34408186e4bbccfd4996cb3dc -> 
  custom:container-muxer-webm: aa71ff27fc2769a1b78a27578f13a17b -> 
  custom:container-demuxer-webm: 4f35f7cbe854078d1ac9338744f61a02 -> 
  custom:video-encoder-webm-vp8: eb34c28f22e8b96e1ab97ce403110664 -> 
  custom:audio-encoder-webm-vorbis: bf7c407c2cedff20999df2af8eb42d56 -> 
  custom:framework-win-MediaFoundation: 216162199b28c13a410421893ffa2e32 -> 
  custom:container-demuxer-ogg: 62fdf1f143b41e24485cea50d1cbac27 -> 
  custom:video-decoder-webm-vp8: 9c59270c3fd7afecdb556c50c9e8de78 -> 
  custom:audio-decoder-ogg-vorbis: bf7c407c2cedff20999df2af8eb42d56 -> 
========================================================================
Received Import Request.
  Time since last request: 36.032443 seconds.
  path: Assets/Sounds/walking.ogg
  artifactKey: Guid(0782faa2c95cfbc41aa597a3e9a1802d) Importer(815301076,1909f56bfc062723c751e8b465ee728b)
Start importing Assets/Sounds/walking.ogg using Guid(0782faa2c95cfbc41aa597a3e9a1802d) Importer(815301076,1909f56bfc062723c751e8b465ee728b)  -> (artifact id: '77fa72894b341b12669d0cf809bb2beb') in 0.121728 seconds 
========================================================================
Received Import Request.
  Time since last request: 17.593112 seconds.
  path: Assets/ImportedAsset/PolygonHorrorMansion
  artifactKey: Guid(07e4a28ac52330a4a827f896b03b88d9) Importer(815301076,1909f56bfc062723c751e8b465ee728b)
Start importing Assets/ImportedAsset/PolygonHorrorMansion using Guid(07e4a28ac52330a4a827f896b03b88d9) Importer(815301076,1909f56bfc062723c751e8b465ee728b)  -> (artifact id: '206de4bc0a0444d8e823c01c33abe3c8') in 0.008593 seconds 
========================================================================
Received Import Request.
  Time since last request: 0.706407 seconds.
  path: Assets/ImportedAsset/Mnostva_Art
  artifactKey: Guid(701dd67dd60a75944a153b67797e814f) Importer(815301076,1909f56bfc062723c751e8b465ee728b)
Start importing Assets/ImportedAsset/Mnostva_Art using Guid(701dd67dd60a75944a153b67797e814f) Importer(815301076,1909f56bfc062723c751e8b465ee728b)  -> (artifact id: 'f330d1ec05c17bac74f1d7918c116789') in 0.010146 seconds 
========================================================================
Received Import Request.
  Time since last request: 2.529601 seconds.
  path: Assets/kitchenMap.unity
  artifactKey: Guid(f46908f79de0b4a33b507c82454fcd8e) Importer(815301076,1909f56bfc062723c751e8b465ee728b)
Start importing Assets/kitchenMap.unity using Guid(f46908f79de0b4a33b507c82454fcd8e) Importer(815301076,1909f56bfc062723c751e8b465ee728b)  -> (artifact id: 'e2403ac580188b778b2df2d8a103a765') in 0.018290 seconds 
========================================================================
Received Import Request.
  Time since last request: 78.533809 seconds.
  path: Assets/Scenes/LJW/TestCarrotMovement.unity
  artifactKey: Guid(ebe35234d2844af4e98c7e7d35fdde9d) Importer(815301076,1909f56bfc062723c751e8b465ee728b)
Start importing Assets/Scenes/LJW/TestCarrotMovement.unity using Guid(ebe35234d2844af4e98c7e7d35fdde9d) Importer(815301076,1909f56bfc062723c751e8b465ee728b)  -> (artifact id: 'bbc686f60bb2732b206aedf65fe03e5a') in 0.010647 seconds 
